[0.495s] Invoking command in '/root/ros-wsl/ros2_ws/src/key_pub': PYTHONPATH=/root/ros-wsl/ros2_ws/build/key_pub/prefix_override:/root/ros-wsl/ros2_ws/install/key_pub/lib/python3.10/site-packages:${PYTHONPATH} /usr/bin/python3 setup.py egg_info --egg-base ../../build/key_pub build --build-base /root/ros-wsl/ros2_ws/build/key_pub/build install --record /root/ros-wsl/ros2_ws/build/key_pub/install.log --single-version-externally-managed
[0.636s] running egg_info
[0.636s] writing ../../build/key_pub/key_pub.egg-info/PKG-INFO
[0.637s] writing dependency_links to ../../build/key_pub/key_pub.egg-info/dependency_links.txt
[0.637s] writing entry points to ../../build/key_pub/key_pub.egg-info/entry_points.txt
[0.637s] writing requirements to ../../build/key_pub/key_pub.egg-info/requires.txt
[0.637s] writing top-level names to ../../build/key_pub/key_pub.egg-info/top_level.txt
[0.639s] reading manifest file '../../build/key_pub/key_pub.egg-info/SOURCES.txt'
[0.639s] writing manifest file '../../build/key_pub/key_pub.egg-info/SOURCES.txt'
[0.639s] running build
[0.639s] running build_py
[0.640s] copying key_pub/key_pub.py -> /root/ros-wsl/ros2_ws/build/key_pub/build/lib/key_pub
[0.640s] running install
[0.640s] running install_lib
[0.641s] copying /root/ros-wsl/ros2_ws/build/key_pub/build/lib/key_pub/key_pub.py -> /root/ros-wsl/ros2_ws/install/key_pub/lib/python3.10/site-packages/key_pub
[0.641s] byte-compiling /root/ros-wsl/ros2_ws/install/key_pub/lib/python3.10/site-packages/key_pub/key_pub.py to key_pub.cpython-310.pyc
[0.642s] running install_data
[0.642s] running install_egg_info
[0.643s] removing '/root/ros-wsl/ros2_ws/install/key_pub/lib/python3.10/site-packages/key_pub-0.0.0-py3.10.egg-info' (and everything under it)
[0.644s] Copying ../../build/key_pub/key_pub.egg-info to /root/ros-wsl/ros2_ws/install/key_pub/lib/python3.10/site-packages/key_pub-0.0.0-py3.10.egg-info
[0.645s] running install_scripts
[0.659s] Installing keynode script to /root/ros-wsl/ros2_ws/install/key_pub/lib/key_pub
[0.660s] writing list of installed files to '/root/ros-wsl/ros2_ws/build/key_pub/install.log'
[0.677s] Invoked command in '/root/ros-wsl/ros2_ws/src/key_pub' returned '0': PYTHONPATH=/root/ros-wsl/ros2_ws/build/key_pub/prefix_override:/root/ros-wsl/ros2_ws/install/key_pub/lib/python3.10/site-packages:${PYTHONPATH} /usr/bin/python3 setup.py egg_info --egg-base ../../build/key_pub build --build-base /root/ros-wsl/ros2_ws/build/key_pub/build install --record /root/ros-wsl/ros2_ws/build/key_pub/install.log --single-version-externally-managed
