[0.400s] Invoking command in '/root/ros-wsl/ros2_ws/src/key_pub': PYTHONPATH=/root/ros-wsl/ros2_ws/src/build/key_pub/prefix_override:/root/ros-wsl/ros2_ws/src/install/key_pub/lib/python3.10/site-packages:${PYTHONPATH} /usr/bin/python3 setup.py egg_info --egg-base ../build/key_pub build --build-base /root/ros-wsl/ros2_ws/src/build/key_pub/build install --record /root/ros-wsl/ros2_ws/src/build/key_pub/install.log --single-version-externally-managed
[0.546s] running egg_info
[0.546s] writing ../build/key_pub/key_pub.egg-info/PKG-INFO
[0.547s] writing dependency_links to ../build/key_pub/key_pub.egg-info/dependency_links.txt
[0.547s] writing entry points to ../build/key_pub/key_pub.egg-info/entry_points.txt
[0.547s] writing requirements to ../build/key_pub/key_pub.egg-info/requires.txt
[0.547s] writing top-level names to ../build/key_pub/key_pub.egg-info/top_level.txt
[0.548s] reading manifest file '../build/key_pub/key_pub.egg-info/SOURCES.txt'
[0.549s] writing manifest file '../build/key_pub/key_pub.egg-info/SOURCES.txt'
[0.549s] running build
[0.549s] running build_py
[0.549s] running install
[0.549s] running install_lib
[0.550s] running install_data
[0.550s] running install_egg_info
[0.551s] removing '/root/ros-wsl/ros2_ws/src/install/key_pub/lib/python3.10/site-packages/key_pub-0.0.0-py3.10.egg-info' (and everything under it)
[0.551s] Copying ../build/key_pub/key_pub.egg-info to /root/ros-wsl/ros2_ws/src/install/key_pub/lib/python3.10/site-packages/key_pub-0.0.0-py3.10.egg-info
[0.552s] running install_scripts
[0.565s] Installing keynode script to /root/ros-wsl/ros2_ws/src/install/key_pub/lib/key_pub
[0.565s] writing list of installed files to '/root/ros-wsl/ros2_ws/src/build/key_pub/install.log'
[0.583s] Invoked command in '/root/ros-wsl/ros2_ws/src/key_pub' returned '0': PYTHONPATH=/root/ros-wsl/ros2_ws/src/build/key_pub/prefix_override:/root/ros-wsl/ros2_ws/src/install/key_pub/lib/python3.10/site-packages:${PYTHONPATH} /usr/bin/python3 setup.py egg_info --egg-base ../build/key_pub build --build-base /root/ros-wsl/ros2_ws/src/build/key_pub/build install --record /root/ros-wsl/ros2_ws/src/build/key_pub/install.log --single-version-externally-managed
