running egg_info
creating ../../build/key_publisher/key_publisher.egg-info
writing ../../build/key_publisher/key_publisher.egg-info/PKG-INFO
writing dependency_links to ../../build/key_publisher/key_publisher.egg-info/dependency_links.txt
writing entry points to ../../build/key_publisher/key_publisher.egg-info/entry_points.txt
writing requirements to ../../build/key_publisher/key_publisher.egg-info/requires.txt
writing top-level names to ../../build/key_publisher/key_publisher.egg-info/top_level.txt
writing manifest file '../../build/key_publisher/key_publisher.egg-info/SOURCES.txt'
reading manifest file '../../build/key_publisher/key_publisher.egg-info/SOURCES.txt'
writing manifest file '../../build/key_publisher/key_publisher.egg-info/SOURCES.txt'
running build
running build_py
creating /root/ros2_ws/build/key_publisher/build
creating /root/ros2_ws/build/key_publisher/build/lib
creating /root/ros2_ws/build/key_publisher/build/lib/key_publisher
copying key_publisher/key_pub_code.py -> /root/ros2_ws/build/key_publisher/build/lib/key_publisher
copying key_publisher/__init__.py -> /root/ros2_ws/build/key_publisher/build/lib/key_publisher
running install
running install_lib
creating /root/ros2_ws/install/key_publisher/lib/python3.10/site-packages/key_publisher
copying /root/ros2_ws/build/key_publisher/build/lib/key_publisher/key_pub_code.py -> /root/ros2_ws/install/key_publisher/lib/python3.10/site-packages/key_publisher
copying /root/ros2_ws/build/key_publisher/build/lib/key_publisher/__init__.py -> /root/ros2_ws/install/key_publisher/lib/python3.10/site-packages/key_publisher
byte-compiling /root/ros2_ws/install/key_publisher/lib/python3.10/site-packages/key_publisher/key_pub_code.py to key_pub_code.cpython-310.pyc
byte-compiling /root/ros2_ws/install/key_publisher/lib/python3.10/site-packages/key_publisher/__init__.py to __init__.cpython-310.pyc
running install_data
creating /root/ros2_ws/install/key_publisher/share/ament_index
creating /root/ros2_ws/install/key_publisher/share/ament_index/resource_index
creating /root/ros2_ws/install/key_publisher/share/ament_index/resource_index/packages
copying resource/key_publisher -> /root/ros2_ws/install/key_publisher/share/ament_index/resource_index/packages
copying package.xml -> /root/ros2_ws/install/key_publisher/share/key_publisher
running install_egg_info
Copying ../../build/key_publisher/key_publisher.egg-info to /root/ros2_ws/install/key_publisher/lib/python3.10/site-packages/key_publisher-0.0.0-py3.10.egg-info
running install_scripts
Installing key_node script to /root/ros2_ws/install/key_publisher/lib/key_publisher
writing list of installed files to '/root/ros2_ws/build/key_publisher/install.log'
