[0.850s] Invoking command in '/root/ros2_ws/src/key_pub': PYTHONPATH=/root/ros2_ws/build/key_pub/prefix_override:/root/ros2_ws/install/key_pub/lib/python3.10/site-packages:${PYTHONPATH} /usr/bin/python3 setup.py egg_info --egg-base ../../build/key_pub build --build-base /root/ros2_ws/build/key_pub/build install --record /root/ros2_ws/build/key_pub/install.log --single-version-externally-managed
[1.017s] running egg_info
[1.018s] writing ../../build/key_pub/key_pub.egg-info/PKG-INFO
[1.019s] writing dependency_links to ../../build/key_pub/key_pub.egg-info/dependency_links.txt
[1.019s] writing entry points to ../../build/key_pub/key_pub.egg-info/entry_points.txt
[1.019s] writing requirements to ../../build/key_pub/key_pub.egg-info/requires.txt
[1.019s] writing top-level names to ../../build/key_pub/key_pub.egg-info/top_level.txt
[1.020s] reading manifest file '../../build/key_pub/key_pub.egg-info/SOURCES.txt'
[1.020s] writing manifest file '../../build/key_pub/key_pub.egg-info/SOURCES.txt'
[1.021s] running build
[1.021s] running build_py
[1.021s] running install
[1.021s] running install_lib
[1.022s] running install_data
[1.022s] running install_egg_info
[1.023s] removing '/root/ros2_ws/install/key_pub/lib/python3.10/site-packages/key_pub-0.0.0-py3.10.egg-info' (and everything under it)
[1.024s] Copying ../../build/key_pub/key_pub.egg-info to /root/ros2_ws/install/key_pub/lib/python3.10/site-packages/key_pub-0.0.0-py3.10.egg-info
[1.024s] running install_scripts
[1.039s] Installing keynodeS script to /root/ros2_ws/install/key_pub/lib/key_pub
[1.039s] writing list of installed files to '/root/ros2_ws/build/key_pub/install.log'
[1.074s] Invoked command in '/root/ros2_ws/src/key_pub' returned '0': PYTHONPATH=/root/ros2_ws/build/key_pub/prefix_override:/root/ros2_ws/install/key_pub/lib/python3.10/site-packages:${PYTHONPATH} /usr/bin/python3 setup.py egg_info --egg-base ../../build/key_pub build --build-base /root/ros2_ws/build/key_pub/build install --record /root/ros2_ws/build/key_pub/install.log --single-version-externally-managed
