[0.786s] Invoking command in '/root/ros2_ws/src/key_pub': PYTHONPATH=/root/ros2_ws/build/key_pub/prefix_override:/root/ros2_ws/install/key_pub/lib/python3.10/site-packages:${PYTHONPATH} /usr/bin/python3 setup.py egg_info --egg-base ../../build/key_pub build --build-base /root/ros2_ws/build/key_pub/build install --record /root/ros2_ws/build/key_pub/install.log --single-version-externally-managed
[1.030s] running egg_info
[1.031s] creating ../../build/key_pub/key_pub.egg-info
[1.031s] writing ../../build/key_pub/key_pub.egg-info/PKG-INFO
[1.032s] writing dependency_links to ../../build/key_pub/key_pub.egg-info/dependency_links.txt
[1.032s] writing entry points to ../../build/key_pub/key_pub.egg-info/entry_points.txt
[1.032s] writing requirements to ../../build/key_pub/key_pub.egg-info/requires.txt
[1.032s] writing top-level names to ../../build/key_pub/key_pub.egg-info/top_level.txt
[1.032s] writing manifest file '../../build/key_pub/key_pub.egg-info/SOURCES.txt'
[1.034s] reading manifest file '../../build/key_pub/key_pub.egg-info/SOURCES.txt'
[1.035s] writing manifest file '../../build/key_pub/key_pub.egg-info/SOURCES.txt'
[1.035s] running build
[1.035s] running build_py
[1.035s] creating /root/ros2_ws/build/key_pub/build
[1.035s] creating /root/ros2_ws/build/key_pub/build/lib
[1.035s] creating /root/ros2_ws/build/key_pub/build/lib/key_pub
[1.035s] copying key_pub/key_pub.py -> /root/ros2_ws/build/key_pub/build/lib/key_pub
[1.035s] copying key_pub/__init__.py -> /root/ros2_ws/build/key_pub/build/lib/key_pub
[1.036s] running install
[1.036s] running install_lib
[1.037s] creating /root/ros2_ws/install/key_pub/lib/python3.10/site-packages/key_pub
[1.037s] copying /root/ros2_ws/build/key_pub/build/lib/key_pub/key_pub.py -> /root/ros2_ws/install/key_pub/lib/python3.10/site-packages/key_pub
[1.037s] copying /root/ros2_ws/build/key_pub/build/lib/key_pub/__init__.py -> /root/ros2_ws/install/key_pub/lib/python3.10/site-packages/key_pub
[1.038s] byte-compiling /root/ros2_ws/install/key_pub/lib/python3.10/site-packages/key_pub/key_pub.py to key_pub.cpython-310.pyc
[1.038s] byte-compiling /root/ros2_ws/install/key_pub/lib/python3.10/site-packages/key_pub/__init__.py to __init__.cpython-310.pyc
[1.039s] running install_data
[1.039s] creating /root/ros2_ws/install/key_pub/share/ament_index
[1.040s] creating /root/ros2_ws/install/key_pub/share/ament_index/resource_index
[1.040s] creating /root/ros2_ws/install/key_pub/share/ament_index/resource_index/packages
[1.040s] copying resource/key_pub -> /root/ros2_ws/install/key_pub/share/ament_index/resource_index/packages
[1.040s] copying package.xml -> /root/ros2_ws/install/key_pub/share/key_pub
[1.040s] running install_egg_info
[1.048s] Copying ../../build/key_pub/key_pub.egg-info to /root/ros2_ws/install/key_pub/lib/python3.10/site-packages/key_pub-0.0.0-py3.10.egg-info
[1.049s] running install_scripts
[1.072s] Installing booger script to /root/ros2_ws/install/key_pub/lib/key_pub
[1.072s] writing list of installed files to '/root/ros2_ws/build/key_pub/install.log'
[1.110s] Invoked command in '/root/ros2_ws/src/key_pub' returned '0': PYTHONPATH=/root/ros2_ws/build/key_pub/prefix_override:/root/ros2_ws/install/key_pub/lib/python3.10/site-packages:${PYTHONPATH} /usr/bin/python3 setup.py egg_info --egg-base ../../build/key_pub build --build-base /root/ros2_ws/build/key_pub/build install --record /root/ros2_ws/build/key_pub/install.log --single-version-externally-managed
