[0.784s] Invoking command in '/root/ros2_ws/src/key_pub': PYTHONPATH=/root/ros2_ws/build/key_pub/prefix_override:/root/ros2_ws/install/key_pub/lib/python3.10/site-packages:${PYTHONPATH} /usr/bin/python3 setup.py egg_info --egg-base ../../build/key_pub build --build-base /root/ros2_ws/build/key_pub/build install --record /root/ros2_ws/build/key_pub/install.log --single-version-externally-managed
[0.943s] running egg_info
[0.944s] writing ../../build/key_pub/key_pub.egg-info/PKG-INFO
[0.945s] writing dependency_links to ../../build/key_pub/key_pub.egg-info/dependency_links.txt
[0.945s] writing entry points to ../../build/key_pub/key_pub.egg-info/entry_points.txt
[0.945s] writing requirements to ../../build/key_pub/key_pub.egg-info/requires.txt
[0.945s] writing top-level names to ../../build/key_pub/key_pub.egg-info/top_level.txt
[0.946s] reading manifest file '../../build/key_pub/key_pub.egg-info/SOURCES.txt'
[0.947s] writing manifest file '../../build/key_pub/key_pub.egg-info/SOURCES.txt'
[0.947s] running build
[0.947s] running build_py
[0.947s] copying key_pub/key_pub.py -> /root/ros2_ws/build/key_pub/build/lib/key_pub
[0.948s] running install
[0.948s] running install_lib
[0.948s] copying /root/ros2_ws/build/key_pub/build/lib/key_pub/key_pub.py -> /root/ros2_ws/install/key_pub/lib/python3.10/site-packages/key_pub
[0.949s] byte-compiling /root/ros2_ws/install/key_pub/lib/python3.10/site-packages/key_pub/key_pub.py to key_pub.cpython-310.pyc
[0.949s] running install_data
[0.949s] running install_egg_info
[0.950s] removing '/root/ros2_ws/install/key_pub/lib/python3.10/site-packages/key_pub-0.0.0-py3.10.egg-info' (and everything under it)
[0.950s] Copying ../../build/key_pub/key_pub.egg-info to /root/ros2_ws/install/key_pub/lib/python3.10/site-packages/key_pub-0.0.0-py3.10.egg-info
[0.951s] running install_scripts
[0.966s] Installing keynode script to /root/ros2_ws/install/key_pub/lib/key_pub
[0.967s] writing list of installed files to '/root/ros2_ws/build/key_pub/install.log'
[1.006s] Invoked command in '/root/ros2_ws/src/key_pub' returned '0': PYTHONPATH=/root/ros2_ws/build/key_pub/prefix_override:/root/ros2_ws/install/key_pub/lib/python3.10/site-packages:${PYTHONPATH} /usr/bin/python3 setup.py egg_info --egg-base ../../build/key_pub build --build-base /root/ros2_ws/build/key_pub/build install --record /root/ros2_ws/build/key_pub/install.log --single-version-externally-managed
