[0.832s] Invoking command in '/root/ros2_ws/src/key_pub': PYTHONPATH=/root/ros2_ws/build/key_pub/prefix_override:/root/ros2_ws/install/key_pub/lib/python3.10/site-packages:${PYTHONPATH} /usr/bin/python3 setup.py egg_info --egg-base ../../build/key_pub build --build-base /root/ros2_ws/build/key_pub/build install --record /root/ros2_ws/build/key_pub/install.log --single-version-externally-managed
[1.004s] running egg_info
[1.004s] writing ../../build/key_pub/key_pub.egg-info/PKG-INFO
[1.005s] writing dependency_links to ../../build/key_pub/key_pub.egg-info/dependency_links.txt
[1.005s] writing entry points to ../../build/key_pub/key_pub.egg-info/entry_points.txt
[1.005s] writing requirements to ../../build/key_pub/key_pub.egg-info/requires.txt
[1.005s] writing top-level names to ../../build/key_pub/key_pub.egg-info/top_level.txt
[1.007s] reading manifest file '../../build/key_pub/key_pub.egg-info/SOURCES.txt'
[1.007s] writing manifest file '../../build/key_pub/key_pub.egg-info/SOURCES.txt'
[1.007s] running build
[1.007s] running build_py
[1.008s] copying key_pub/key_pub.py -> /root/ros2_ws/build/key_pub/build/lib/key_pub
[1.008s] running install
[1.008s] running install_lib
[1.008s] copying /root/ros2_ws/build/key_pub/build/lib/key_pub/key_pub.py -> /root/ros2_ws/install/key_pub/lib/python3.10/site-packages/key_pub
[1.009s] byte-compiling /root/ros2_ws/install/key_pub/lib/python3.10/site-packages/key_pub/key_pub.py to key_pub.cpython-310.pyc
[1.010s] running install_data
[1.010s] running install_egg_info
[1.013s] removing '/root/ros2_ws/install/key_pub/lib/python3.10/site-packages/key_pub-0.0.0-py3.10.egg-info' (and everything under it)
[1.013s] Copying ../../build/key_pub/key_pub.egg-info to /root/ros2_ws/install/key_pub/lib/python3.10/site-packages/key_pub-0.0.0-py3.10.egg-info
[1.014s] running install_scripts
[1.030s] Installing keynode script to /root/ros2_ws/install/key_pub/lib/key_pub
[1.031s] writing list of installed files to '/root/ros2_ws/build/key_pub/install.log'
[1.068s] Invoked command in '/root/ros2_ws/src/key_pub' returned '0': PYTHONPATH=/root/ros2_ws/build/key_pub/prefix_override:/root/ros2_ws/install/key_pub/lib/python3.10/site-packages:${PYTHONPATH} /usr/bin/python3 setup.py egg_info --egg-base ../../build/key_pub build --build-base /root/ros2_ws/build/key_pub/build install --record /root/ros2_ws/build/key_pub/install.log --single-version-externally-managed
