running egg_info
creating ../build/key_pub/key_pub.egg-info
writing ../build/key_pub/key_pub.egg-info/PKG-INFO
writing dependency_links to ../build/key_pub/key_pub.egg-info/dependency_links.txt
writing entry points to ../build/key_pub/key_pub.egg-info/entry_points.txt
writing requirements to ../build/key_pub/key_pub.egg-info/requires.txt
writing top-level names to ../build/key_pub/key_pub.egg-info/top_level.txt
writing manifest file '../build/key_pub/key_pub.egg-info/SOURCES.txt'
reading manifest file '../build/key_pub/key_pub.egg-info/SOURCES.txt'
writing manifest file '../build/key_pub/key_pub.egg-info/SOURCES.txt'
running build
running build_py
creating /root/ros-wsl/ros2_ws/src/build/key_pub/build
creating /root/ros-wsl/ros2_ws/src/build/key_pub/build/lib
creating /root/ros-wsl/ros2_ws/src/build/key_pub/build/lib/key_pub
copying key_pub/key_pub.py -> /root/ros-wsl/ros2_ws/src/build/key_pub/build/lib/key_pub
copying key_pub/__init__.py -> /root/ros-wsl/ros2_ws/src/build/key_pub/build/lib/key_pub
running install
running install_lib
creating /root/ros-wsl/ros2_ws/src/install/key_pub/lib/python3.10/site-packages/key_pub
copying /root/ros-wsl/ros2_ws/src/build/key_pub/build/lib/key_pub/key_pub.py -> /root/ros-wsl/ros2_ws/src/install/key_pub/lib/python3.10/site-packages/key_pub
copying /root/ros-wsl/ros2_ws/src/build/key_pub/build/lib/key_pub/__init__.py -> /root/ros-wsl/ros2_ws/src/install/key_pub/lib/python3.10/site-packages/key_pub
byte-compiling /root/ros-wsl/ros2_ws/src/install/key_pub/lib/python3.10/site-packages/key_pub/key_pub.py to key_pub.cpython-310.pyc
byte-compiling /root/ros-wsl/ros2_ws/src/install/key_pub/lib/python3.10/site-packages/key_pub/__init__.py to __init__.cpython-310.pyc
running install_data
creating /root/ros-wsl/ros2_ws/src/install/key_pub/share/ament_index
creating /root/ros-wsl/ros2_ws/src/install/key_pub/share/ament_index/resource_index
creating /root/ros-wsl/ros2_ws/src/install/key_pub/share/ament_index/resource_index/packages
copying resource/key_pub -> /root/ros-wsl/ros2_ws/src/install/key_pub/share/ament_index/resource_index/packages
copying package.xml -> /root/ros-wsl/ros2_ws/src/install/key_pub/share/key_pub
running install_egg_info
Copying ../build/key_pub/key_pub.egg-info to /root/ros-wsl/ros2_ws/src/install/key_pub/lib/python3.10/site-packages/key_pub-0.0.0-py3.10.egg-info
running install_scripts
Installing keynode script to /root/ros-wsl/ros2_ws/src/install/key_pub/lib/key_pub
writing list of installed files to '/root/ros-wsl/ros2_ws/src/build/key_pub/install.log'
