[0.431s] Invoking command in '/root/ros-wsl/ros2_ws/src/key_pub': PYTHONPATH=/root/ros-wsl/ros2_ws/src/build/key_pub/prefix_override:/root/ros-wsl/ros2_ws/src/install/key_pub/lib/python3.10/site-packages:${PYTHONPATH} /usr/bin/python3 setup.py egg_info --egg-base ../build/key_pub build --build-base /root/ros-wsl/ros2_ws/src/build/key_pub/build install --record /root/ros-wsl/ros2_ws/src/build/key_pub/install.log --single-version-externally-managed
[0.566s] running egg_info
[0.566s] creating ../build/key_pub/key_pub.egg-info
[0.566s] writing ../build/key_pub/key_pub.egg-info/PKG-INFO
[0.566s] writing dependency_links to ../build/key_pub/key_pub.egg-info/dependency_links.txt
[0.567s] writing entry points to ../build/key_pub/key_pub.egg-info/entry_points.txt
[0.567s] writing requirements to ../build/key_pub/key_pub.egg-info/requires.txt
[0.567s] writing top-level names to ../build/key_pub/key_pub.egg-info/top_level.txt
[0.567s] writing manifest file '../build/key_pub/key_pub.egg-info/SOURCES.txt'
[0.568s] reading manifest file '../build/key_pub/key_pub.egg-info/SOURCES.txt'
[0.569s] writing manifest file '../build/key_pub/key_pub.egg-info/SOURCES.txt'
[0.569s] running build
[0.569s] running build_py
[0.569s] creating /root/ros-wsl/ros2_ws/src/build/key_pub/build
[0.569s] creating /root/ros-wsl/ros2_ws/src/build/key_pub/build/lib
[0.569s] creating /root/ros-wsl/ros2_ws/src/build/key_pub/build/lib/key_pub
[0.569s] copying key_pub/key_pub.py -> /root/ros-wsl/ros2_ws/src/build/key_pub/build/lib/key_pub
[0.570s] copying key_pub/__init__.py -> /root/ros-wsl/ros2_ws/src/build/key_pub/build/lib/key_pub
[0.570s] running install
[0.570s] /usr/lib/python3/dist-packages/setuptools/command/install.py:34: SetuptoolsDeprecationWarning: setup.py install is deprecated. Use build and pip and other standards-based tools.
[0.570s]   warnings.warn(
[0.570s] running install_lib
[0.571s] creating /root/ros-wsl/ros2_ws/src/install/key_pub/lib/python3.10/site-packages/key_pub
[0.571s] copying /root/ros-wsl/ros2_ws/src/build/key_pub/build/lib/key_pub/key_pub.py -> /root/ros-wsl/ros2_ws/src/install/key_pub/lib/python3.10/site-packages/key_pub
[0.571s] copying /root/ros-wsl/ros2_ws/src/build/key_pub/build/lib/key_pub/__init__.py -> /root/ros-wsl/ros2_ws/src/install/key_pub/lib/python3.10/site-packages/key_pub
[0.572s] byte-compiling /root/ros-wsl/ros2_ws/src/install/key_pub/lib/python3.10/site-packages/key_pub/key_pub.py to key_pub.cpython-310.pyc
[0.572s] byte-compiling /root/ros-wsl/ros2_ws/src/install/key_pub/lib/python3.10/site-packages/key_pub/__init__.py to __init__.cpython-310.pyc
[0.572s] running install_data
[0.572s] creating /root/ros-wsl/ros2_ws/src/install/key_pub/share/ament_index
[0.573s] creating /root/ros-wsl/ros2_ws/src/install/key_pub/share/ament_index/resource_index
[0.573s] creating /root/ros-wsl/ros2_ws/src/install/key_pub/share/ament_index/resource_index/packages
[0.573s] copying resource/key_pub -> /root/ros-wsl/ros2_ws/src/install/key_pub/share/ament_index/resource_index/packages
[0.573s] copying package.xml -> /root/ros-wsl/ros2_ws/src/install/key_pub/share/key_pub
[0.573s] running install_egg_info
[0.574s] Copying ../build/key_pub/key_pub.egg-info to /root/ros-wsl/ros2_ws/src/install/key_pub/lib/python3.10/site-packages/key_pub-0.0.0-py3.10.egg-info
[0.575s] running install_scripts
[0.588s] Installing keynode script to /root/ros-wsl/ros2_ws/src/install/key_pub/lib/key_pub
[0.588s] writing list of installed files to '/root/ros-wsl/ros2_ws/src/build/key_pub/install.log'
[0.605s] Invoked command in '/root/ros-wsl/ros2_ws/src/key_pub' returned '0': PYTHONPATH=/root/ros-wsl/ros2_ws/src/build/key_pub/prefix_override:/root/ros-wsl/ros2_ws/src/install/key_pub/lib/python3.10/site-packages:${PYTHONPATH} /usr/bin/python3 setup.py egg_info --egg-base ../build/key_pub build --build-base /root/ros-wsl/ros2_ws/src/build/key_pub/build install --record /root/ros-wsl/ros2_ws/src/build/key_pub/install.log --single-version-externally-managed
