[0.845s] Invoking command in '/root/ros2_ws/src/key_publisher': PYTHONPATH=/root/ros2_ws/build/key_publisher/prefix_override:/root/ros2_ws/install/key_publisher/lib/python3.10/site-packages:${PYTHONPATH} /usr/bin/python3 setup.py egg_info --egg-base ../../build/key_publisher build --build-base /root/ros2_ws/build/key_publisher/build install --record /root/ros2_ws/build/key_publisher/install.log --single-version-externally-managed
[1.010s] running egg_info
[1.011s] writing ../../build/key_publisher/key_publisher.egg-info/PKG-INFO
[1.011s] writing dependency_links to ../../build/key_publisher/key_publisher.egg-info/dependency_links.txt
[1.011s] writing entry points to ../../build/key_publisher/key_publisher.egg-info/entry_points.txt
[1.012s] writing requirements to ../../build/key_publisher/key_publisher.egg-info/requires.txt
[1.012s] writing top-level names to ../../build/key_publisher/key_publisher.egg-info/top_level.txt
[1.013s] reading manifest file '../../build/key_publisher/key_publisher.egg-info/SOURCES.txt'
[1.013s] writing manifest file '../../build/key_publisher/key_publisher.egg-info/SOURCES.txt'
[1.014s] running build
[1.014s] running build_py
[1.014s] running install
[1.014s] running install_lib
[1.014s] running install_data
[1.015s] running install_egg_info
[1.016s] removing '/root/ros2_ws/install/key_publisher/lib/python3.10/site-packages/key_publisher-0.0.0-py3.10.egg-info' (and everything under it)
[1.016s] Copying ../../build/key_publisher/key_publisher.egg-info to /root/ros2_ws/install/key_publisher/lib/python3.10/site-packages/key_publisher-0.0.0-py3.10.egg-info
[1.017s] running install_scripts
[1.034s] Installing key_node script to /root/ros2_ws/install/key_publisher/lib/key_publisher
[1.034s] writing list of installed files to '/root/ros2_ws/build/key_publisher/install.log'
[1.066s] Invoked command in '/root/ros2_ws/src/key_publisher' returned '0': PYTHONPATH=/root/ros2_ws/build/key_publisher/prefix_override:/root/ros2_ws/install/key_publisher/lib/python3.10/site-packages:${PYTHONPATH} /usr/bin/python3 setup.py egg_info --egg-base ../../build/key_publisher build --build-base /root/ros2_ws/build/key_publisher/build install --record /root/ros2_ws/build/key_publisher/install.log --single-version-externally-managed
