[0.493s] Invoking command in '/root/ros-wsl/ros2_ws/src/key_pub': PYTHONPATH=/root/ros-wsl/ros2_ws/build/key_pub/prefix_override:/root/ros-wsl/ros2_ws/install/key_pub/lib/python3.10/site-packages:${PYTHONPATH} /usr/bin/python3 setup.py egg_info --egg-base ../../build/key_pub build --build-base /root/ros-wsl/ros2_ws/build/key_pub/build install --record /root/ros-wsl/ros2_ws/build/key_pub/install.log --single-version-externally-managed
[0.645s] running egg_info
[0.645s] writing ../../build/key_pub/key_pub.egg-info/PKG-INFO
[0.646s] writing dependency_links to ../../build/key_pub/key_pub.egg-info/dependency_links.txt
[0.646s] writing entry points to ../../build/key_pub/key_pub.egg-info/entry_points.txt
[0.647s] writing requirements to ../../build/key_pub/key_pub.egg-info/requires.txt
[0.647s] writing top-level names to ../../build/key_pub/key_pub.egg-info/top_level.txt
[0.649s] reading manifest file '../../build/key_pub/key_pub.egg-info/SOURCES.txt'
[0.650s] writing manifest file '../../build/key_pub/key_pub.egg-info/SOURCES.txt'
[0.650s] running build
[0.650s] running build_py
[0.651s] running install
[0.652s] running install_lib
[0.653s] running install_data
[0.654s] running install_egg_info
[0.656s] removing '/root/ros-wsl/ros2_ws/install/key_pub/lib/python3.10/site-packages/key_pub-0.0.0-py3.10.egg-info' (and everything under it)
[0.656s] Copying ../../build/key_pub/key_pub.egg-info to /root/ros-wsl/ros2_ws/install/key_pub/lib/python3.10/site-packages/key_pub-0.0.0-py3.10.egg-info
[0.657s] running install_scripts
[0.670s] Installing keynode script to /root/ros-wsl/ros2_ws/install/key_pub/lib/key_pub
[0.671s] writing list of installed files to '/root/ros-wsl/ros2_ws/build/key_pub/install.log'
[0.689s] Invoked command in '/root/ros-wsl/ros2_ws/src/key_pub' returned '0': PYTHONPATH=/root/ros-wsl/ros2_ws/build/key_pub/prefix_override:/root/ros-wsl/ros2_ws/install/key_pub/lib/python3.10/site-packages:${PYTHONPATH} /usr/bin/python3 setup.py egg_info --egg-base ../../build/key_pub build --build-base /root/ros-wsl/ros2_ws/build/key_pub/build install --record /root/ros-wsl/ros2_ws/build/key_pub/install.log --single-version-externally-managed
